<?xml version="1.0" encoding="utf-8"?>
<shfbBuild product="Sandcastle Help File Builder" version="2015.1.12.0" projectFile="C:\studia\sem5\JPWP projekt\HealthMasterDokumentacja\patryk.shfbproj" started="2018-01-07 21:09:01">
<buildStep step="Initializing">
Finding tools...
The Sandcastle tools are located in &#39;C:\SandCastleHelper\&#39;
Locating components in the following folder(s):
   C:\studia\sem5\JPWP projekt\HealthMasterDokumentacja
Using presentation style &#39;VS2013&#39; located in &#39;C:\SandCastleHelper\PresentationStyles\VS2013&#39;
Loading and initializing plug-ins...
Lightweight Website Style Version 2015.1.12.0
Copyright &#169; 2006-2015, Eric Woodruff, All Rights Reserved
Portions Copyright &#169; 2014, Sam Harwell, All Rights Reserved
</buildStep>
<buildStep step="ValidatingDocumentationSources">
Validating and copying documentation source information
Source: C:\studia\sem5\JPWP projekt\patryks\LabiryntWiedzy\LabiryntWiedzy\bin\Debug\LabiryntWiedzy.exe
    Found assembly &#39;C:\studia\sem5\JPWP projekt\patryks\LabiryntWiedzy\LabiryntWiedzy\bin\Debug\LabiryntWiedzy.exe&#39;
Source: C:\studia\sem5\JPWP projekt\patryks\LabiryntWiedzy\LabiryntWiedzy\bin\Debug\LabiryntWiedzy.xml

Copying XML comments files
    C:\studia\sem5\JPWP projekt\patryks\LabiryntWiedzy\LabiryntWiedzy\bin\Debug\LabiryntWiedzy.xml -&gt; C:\studia\sem5\JPWP projekt\HealthMasterDokumentacja\Help\Working\LabiryntWiedzy.xml
</buildStep>
<buildStep step="GenerateSharedContent">
Generating shared content files (en-US, Angielski (Stany Zjednoczone))...
<plugIn name="Lightweight Website Style" behavior="After" priority="1000">
</plugIn>    Last step completed in 00:00:00,0196
</buildStep>
<buildStep step="GenerateApiFilter">
Generating API filter for MRefBuilder...
    Last step completed in 00:00:00,0025
</buildStep>
<buildStep step="GenerateReflectionInfo">
Generating reflection information...
[C:\Windows\Microsoft.NET\Framework64\v4.0.30319\MSBuild.exe]
Kompilacja rozpocz&#169;a si&#169; 2018-01-07 21:09:01.
Projekt &quot;C:\studia\sem5\JPWP projekt\HealthMasterDokumentacja\Help\Working\GenerateRefInfo.proj&quot; w w&#169;&#171;le 1 (domylne elementy docelowe).
PrepareForBuild:
  Tworzenie katalogu &quot;obj\Debug\&quot;.
GenerateRefInfo:
  MRefBuilder (v2015.1.12.0)
  Copyright c 2006-2015, Microsoft Corporation, All Rights Reserved.
  Portions Copyright c 2006-2014, Eric Woodruff, All Rights Reserved.
  Loaded 1 assemblies for reflection and 1 dependency assemblies.
  Wrote information on 1 namespaces, 13 types, and 92 members
  Kopiowanie pliku z &quot;reflection.org&quot; do &quot;reflection.all&quot;.
  XslTransform (v2015.1.12.0)
  Copyright c 2006-2015, Microsoft Corporation, All Rights Reserved.
  Portions Copyright c 2006-2014, Eric Woodruff, All Rights Reserved.
  Applying XSL transformation &#39;C:\SandCastleHelper\ProductionTransforms\MergeDuplicates.xsl&#39;.
Kompilowanie projektu &quot;C:\studia\sem5\JPWP projekt\HealthMasterDokumentacja\Help\Working\GenerateRefInfo.proj&quot; wykonane (domylne elementy docelowe).

Kompilacja powioda si&#169;.

Czas, kt˘ry upynĄ: 00:00:01.05
    Last step completed in 00:00:01,3423
</buildStep>
<buildStep step="TransformReflectionInfo">
Transforming reflection output...
[C:\Windows\Microsoft.NET\Framework64\v4.0.30319\MSBuild.exe]
Kompilacja rozpocz&#169;a si&#169; 2018-01-07 21:09:03.
Projekt &quot;C:\studia\sem5\JPWP projekt\HealthMasterDokumentacja\Help\Working\TransformManifest.proj&quot; w w&#169;&#171;le 1 (domylne elementy docelowe).
TransformManifest:
  XslTransform (v2015.1.12.0)
  Copyright c 2006-2015, Microsoft Corporation, All Rights Reserved.
  Portions Copyright c 2006-2014, Eric Woodruff, All Rights Reserved.
  Applying XSL transformation &#39;C:\SandCastleHelper\\ProductionTransforms\ApplyVSDocModel.xsl&#39;.
  Kopiowanie pliku z &quot;reflection.xml&quot; do &quot;reflection.nofilenames&quot;.
  XslTransform (v2015.1.12.0)
  Copyright c 2006-2015, Microsoft Corporation, All Rights Reserved.
  Portions Copyright c 2006-2014, Eric Woodruff, All Rights Reserved.
  Applying XSL transformation &#39;C:\SandCastleHelper\ProductionTransforms\AddFilenames.xsl&#39;.
  XslTransform (v2015.1.12.0)
  Copyright c 2006-2015, Microsoft Corporation, All Rights Reserved.
  Portions Copyright c 2006-2014, Eric Woodruff, All Rights Reserved.
  Applying XSL transformation &#39;C:\SandCastleHelper\ProductionTransforms\ReflectionToManifest.xsl&#39;.
Kompilowanie projektu &quot;C:\studia\sem5\JPWP projekt\HealthMasterDokumentacja\Help\Working\TransformManifest.proj&quot; wykonane (domylne elementy docelowe).

Kompilacja powioda si&#169;.

Czas, kt˘ry upynĄ: 00:00:00.83
    Last step completed in 00:00:01,1373
</buildStep>
<buildStep step="GenerateNamespaceSummaries">
Generating namespace summary information...
    Last step completed in 00:00:00,0331
</buildStep>
<buildStep step="CopyAdditionalContent">
Copying additional content files...
No additional content to copy
    Last step completed in 00:00:00,0020
</buildStep>
<buildStep step="MergeTablesOfContents">
Merging conceptual and additional tables of contents...
    Last step completed in 00:00:00,0010
</buildStep>
<buildStep step="GenerateIntermediateTableOfContents">
Generating intermediate table of contents file...
[C:\Windows\Microsoft.NET\Framework64\v4.0.30319\MSBuild.exe]
Kompilacja rozpocz&#169;a si&#169; 2018-01-07 21:09:04.
Projekt &quot;C:\studia\sem5\JPWP projekt\HealthMasterDokumentacja\Help\Working\GenerateIntermediateTOC.proj&quot; w w&#169;&#171;le 1 (domylne elementy docelowe).
GenerateIntermediateTOC:
  XslTransform (v2015.1.12.0)
  Copyright c 2006-2015, Microsoft Corporation, All Rights Reserved.
  Portions Copyright c 2006-2014, Eric Woodruff, All Rights Reserved.
  Applying XSL transformation &#39;C:\SandCastleHelper\\ProductionTransforms\CreateVSToc.xsl&#39;.
Kompilowanie projektu &quot;C:\studia\sem5\JPWP projekt\HealthMasterDokumentacja\Help\Working\GenerateIntermediateTOC.proj&quot; wykonane (domylne elementy docelowe).

Kompilacja powioda si&#169;.

Czas, kt˘ry upynĄ: 00:00:00.50
Generating conceptual content intermediate TOC file...
    Last step completed in 00:00:00,7955
</buildStep>
<buildStep step="CreateBuildAssemblerConfigs">
Creating Sandcastle configuration files...
    sandcastle.config
    Last step completed in 00:00:00,2049
</buildStep>
<buildStep step="MergeCustomConfigs">
Merging custom build component configurations
C:\studia\sem5\JPWP projekt\HealthMasterDokumentacja\Help\Working\sandcastle.config
    Last step completed in 00:00:00,0335
</buildStep>
<buildStep step="BuildReferenceTopics">
Building reference help topics...
[C:\Windows\Microsoft.NET\Framework64\v4.0.30319\MSBuild.exe]
Kompilacja rozpocz&#169;a si&#169; 2018-01-07 21:09:05.
Projekt &quot;C:\studia\sem5\JPWP projekt\HealthMasterDokumentacja\Help\Working\BuildReferenceTopics.proj&quot; w w&#169;&#171;le 1 (domylne elementy docelowe).
BuildReferenceTopics:
  BuildAssembler (v2015.1.12.0)
  Copyright c 2006-2015, Microsoft Corporation, All Rights Reserved.
  Portions Copyright c 2006-2014, Eric Woodruff, All Rights Reserved.
  Loading configuration...
  Processing topics...
BuildAssembler : warning : ShowMissingComponent: [M:LabiryntWiedzy.ciekawostka1.Back1(System.Object,System.EventArgs)] Missing &lt;param name=&quot;sender&quot;/&gt; documentation [C:\studia\sem5\JPWP projekt\HealthMasterDokumentacja\Help\Working\BuildReferenceTopics.proj]
BuildAssembler : warning : ShowMissingComponent: [M:LabiryntWiedzy.ciekawostka1.Back1(System.Object,System.EventArgs)] Missing &lt;param name=&quot;e&quot;/&gt; documentation [C:\studia\sem5\JPWP projekt\HealthMasterDokumentacja\Help\Working\BuildReferenceTopics.proj]
BuildAssembler : warning : ShowMissingComponent: [M:LabiryntWiedzy.ciekawostka1.Next1(System.Object,System.EventArgs)] Missing &lt;param name=&quot;sender&quot;/&gt; documentation [C:\studia\sem5\JPWP projekt\HealthMasterDokumentacja\Help\Working\BuildReferenceTopics.proj]
BuildAssembler : warning : ShowMissingComponent: [M:LabiryntWiedzy.ciekawostka1.Next1(System.Object,System.EventArgs)] Missing &lt;param name=&quot;e&quot;/&gt; documentation [C:\studia\sem5\JPWP projekt\HealthMasterDokumentacja\Help\Working\BuildReferenceTopics.proj]
BuildAssembler : warning : ShowMissingComponent: [P:LabiryntWiedzy.ciekawostka1.Zmiana] Missing &lt;summary&gt; documentation [C:\studia\sem5\JPWP projekt\HealthMasterDokumentacja\Help\Working\BuildReferenceTopics.proj]
BuildAssembler : warning : ShowMissingComponent: [M:LabiryntWiedzy.ciekawostka2.Back2(System.Object,System.EventArgs)] Missing &lt;param name=&quot;sender&quot;/&gt; documentation [C:\studia\sem5\JPWP projekt\HealthMasterDokumentacja\Help\Working\BuildReferenceTopics.proj]
BuildAssembler : warning : ShowMissingComponent: [M:LabiryntWiedzy.ciekawostka2.Back2(System.Object,System.EventArgs)] Missing &lt;param name=&quot;e&quot;/&gt; documentation [C:\studia\sem5\JPWP projekt\HealthMasterDokumentacja\Help\Working\BuildReferenceTopics.proj]
BuildAssembler : warning : ShowMissingComponent: [M:LabiryntWiedzy.ciekawostka2.Next2(System.Object,System.EventArgs)] Missing &lt;param name=&quot;sender&quot;/&gt; documentation [C:\studia\sem5\JPWP projekt\HealthMasterDokumentacja\Help\Working\BuildReferenceTopics.proj]
BuildAssembler : warning : ShowMissingComponent: [M:LabiryntWiedzy.ciekawostka2.Next2(System.Object,System.EventArgs)] Missing &lt;param name=&quot;e&quot;/&gt; documentation [C:\studia\sem5\JPWP projekt\HealthMasterDokumentacja\Help\Working\BuildReferenceTopics.proj]
BuildAssembler : warning : ShowMissingComponent: [P:LabiryntWiedzy.ciekawostka2.Zmiana] Missing &lt;summary&gt; documentation [C:\studia\sem5\JPWP projekt\HealthMasterDokumentacja\Help\Working\BuildReferenceTopics.proj]
BuildAssembler : warning : ShowMissingComponent: [M:LabiryntWiedzy.ciekawostka3.Back3(System.Object,System.EventArgs)] Missing &lt;param name=&quot;sender&quot;/&gt; documentation [C:\studia\sem5\JPWP projekt\HealthMasterDokumentacja\Help\Working\BuildReferenceTopics.proj]
BuildAssembler : warning : ShowMissingComponent: [M:LabiryntWiedzy.ciekawostka3.Back3(System.Object,System.EventArgs)] Missing &lt;param name=&quot;e&quot;/&gt; documentation [C:\studia\sem5\JPWP projekt\HealthMasterDokumentacja\Help\Working\BuildReferenceTopics.proj]
BuildAssembler : warning : ShowMissingComponent: [M:LabiryntWiedzy.ciekawostka3.Next3(System.Object,System.EventArgs)] Missing &lt;param name=&quot;sender&quot;/&gt; documentation [C:\studia\sem5\JPWP projekt\HealthMasterDokumentacja\Help\Working\BuildReferenceTopics.proj]
BuildAssembler : warning : ShowMissingComponent: [M:LabiryntWiedzy.ciekawostka3.Next3(System.Object,System.EventArgs)] Missing &lt;param name=&quot;e&quot;/&gt; documentation [C:\studia\sem5\JPWP projekt\HealthMasterDokumentacja\Help\Working\BuildReferenceTopics.proj]
BuildAssembler : warning : ShowMissingComponent: [P:LabiryntWiedzy.ciekawostka3.Zmiana] Missing &lt;summary&gt; documentation [C:\studia\sem5\JPWP projekt\HealthMasterDokumentacja\Help\Working\BuildReferenceTopics.proj]
BuildAssembler : warning : ShowMissingComponent: [M:LabiryntWiedzy.ciekawostka4.Back4(System.Object,System.EventArgs)] Missing &lt;param name=&quot;sender&quot;/&gt; documentation [C:\studia\sem5\JPWP projekt\HealthMasterDokumentacja\Help\Working\BuildReferenceTopics.proj]
BuildAssembler : warning : ShowMissingComponent: [M:LabiryntWiedzy.ciekawostka4.Back4(System.Object,System.EventArgs)] Missing &lt;param name=&quot;e&quot;/&gt; documentation [C:\studia\sem5\JPWP projekt\HealthMasterDokumentacja\Help\Working\BuildReferenceTopics.proj]
BuildAssembler : warning : ShowMissingComponent: [M:LabiryntWiedzy.ciekawostka4.Next4(System.Object,System.EventArgs)] Missing &lt;param name=&quot;sender&quot;/&gt; documentation [C:\studia\sem5\JPWP projekt\HealthMasterDokumentacja\Help\Working\BuildReferenceTopics.proj]
BuildAssembler : warning : ShowMissingComponent: [M:LabiryntWiedzy.ciekawostka4.Next4(System.Object,System.EventArgs)] Missing &lt;param name=&quot;e&quot;/&gt; documentation [C:\studia\sem5\JPWP projekt\HealthMasterDokumentacja\Help\Working\BuildReferenceTopics.proj]
BuildAssembler : warning : ShowMissingComponent: [P:LabiryntWiedzy.ciekawostka4.Zmiana] Missing &lt;summary&gt; documentation [C:\studia\sem5\JPWP projekt\HealthMasterDokumentacja\Help\Working\BuildReferenceTopics.proj]
BuildAssembler : warning : ShowMissingComponent: [M:LabiryntWiedzy.ciekawostka5.Back5(System.Object,System.EventArgs)] Missing &lt;param name=&quot;sender&quot;/&gt; documentation [C:\studia\sem5\JPWP projekt\HealthMasterDokumentacja\Help\Working\BuildReferenceTopics.proj]
BuildAssembler : warning : ShowMissingComponent: [M:LabiryntWiedzy.ciekawostka5.Back5(System.Object,System.EventArgs)] Missing &lt;param name=&quot;e&quot;/&gt; documentation [C:\studia\sem5\JPWP projekt\HealthMasterDokumentacja\Help\Working\BuildReferenceTopics.proj]
BuildAssembler : warning : ShowMissingComponent: [M:LabiryntWiedzy.ciekawostka5.Suma(System.Object,System.EventArgs)] Missing &lt;param name=&quot;sender&quot;/&gt; documentation [C:\studia\sem5\JPWP projekt\HealthMasterDokumentacja\Help\Working\BuildReferenceTopics.proj]
BuildAssembler : warning : ShowMissingComponent: [M:LabiryntWiedzy.ciekawostka5.Suma(System.Object,System.EventArgs)] Missing &lt;param name=&quot;e&quot;/&gt; documentation [C:\studia\sem5\JPWP projekt\HealthMasterDokumentacja\Help\Working\BuildReferenceTopics.proj]
BuildAssembler : warning : ShowMissingComponent: [P:LabiryntWiedzy.ciekawostka5.Zmiana] Missing &lt;summary&gt; documentation [C:\studia\sem5\JPWP projekt\HealthMasterDokumentacja\Help\Working\BuildReferenceTopics.proj]
BuildAssembler : warning : ShowMissingComponent: [P:LabiryntWiedzy.Instrukcja.Zmiana] Missing &lt;summary&gt; documentation [C:\studia\sem5\JPWP projekt\HealthMasterDokumentacja\Help\Working\BuildReferenceTopics.proj]
BuildAssembler : warning : ShowMissingComponent: [M:LabiryntWiedzy.Lab1.PowrotDoStartu(System.Object,System.EventArgs)] Missing &lt;summary&gt; documentation [C:\studia\sem5\JPWP projekt\HealthMasterDokumentacja\Help\Working\BuildReferenceTopics.proj]
BuildAssembler : warning : ShowMissingComponent: [M:LabiryntWiedzy.Lab1.PowrotDoStartu(System.Object,System.EventArgs)] Missing &lt;param name=&quot;sender&quot;/&gt; documentation [C:\studia\sem5\JPWP projekt\HealthMasterDokumentacja\Help\Working\BuildReferenceTopics.proj]
BuildAssembler : warning : ShowMissingComponent: [M:LabiryntWiedzy.Lab1.PowrotDoStartu(System.Object,System.EventArgs)] Missing &lt;param name=&quot;e&quot;/&gt; documentation [C:\studia\sem5\JPWP projekt\HealthMasterDokumentacja\Help\Working\BuildReferenceTopics.proj]
BuildAssembler : warning : ShowMissingComponent: [P:LabiryntWiedzy.Lab1.Zmiana] Missing &lt;summary&gt; documentation [C:\studia\sem5\JPWP projekt\HealthMasterDokumentacja\Help\Working\BuildReferenceTopics.proj]
BuildAssembler : warning : ShowMissingComponent: [M:LabiryntWiedzy.Lab2.PowrotDoStartu(System.Object,System.EventArgs)] Missing &lt;summary&gt; documentation [C:\studia\sem5\JPWP projekt\HealthMasterDokumentacja\Help\Working\BuildReferenceTopics.proj]
BuildAssembler : warning : ShowMissingComponent: [M:LabiryntWiedzy.Lab2.PowrotDoStartu(System.Object,System.EventArgs)] Missing &lt;param name=&quot;sender&quot;/&gt; documentation [C:\studia\sem5\JPWP projekt\HealthMasterDokumentacja\Help\Working\BuildReferenceTopics.proj]
BuildAssembler : warning : ShowMissingComponent: [M:LabiryntWiedzy.Lab2.PowrotDoStartu(System.Object,System.EventArgs)] Missing &lt;param name=&quot;e&quot;/&gt; documentation [C:\studia\sem5\JPWP projekt\HealthMasterDokumentacja\Help\Working\BuildReferenceTopics.proj]
BuildAssembler : warning : ShowMissingComponent: [P:LabiryntWiedzy.Lab2.Zmiana] Missing &lt;summary&gt; documentation [C:\studia\sem5\JPWP projekt\HealthMasterDokumentacja\Help\Working\BuildReferenceTopics.proj]
BuildAssembler : warning : ShowMissingComponent: [M:LabiryntWiedzy.Lab3.PowrotDoStartu(System.Object,System.EventArgs)] Missing &lt;summary&gt; documentation [C:\studia\sem5\JPWP projekt\HealthMasterDokumentacja\Help\Working\BuildReferenceTopics.proj]
BuildAssembler : warning : ShowMissingComponent: [M:LabiryntWiedzy.Lab3.PowrotDoStartu(System.Object,System.EventArgs)] Missing &lt;param name=&quot;sender&quot;/&gt; documentation [C:\studia\sem5\JPWP projekt\HealthMasterDokumentacja\Help\Working\BuildReferenceTopics.proj]
BuildAssembler : warning : ShowMissingComponent: [M:LabiryntWiedzy.Lab3.PowrotDoStartu(System.Object,System.EventArgs)] Missing &lt;param name=&quot;e&quot;/&gt; documentation [C:\studia\sem5\JPWP projekt\HealthMasterDokumentacja\Help\Working\BuildReferenceTopics.proj]
BuildAssembler : warning : ShowMissingComponent: [P:LabiryntWiedzy.Lab3.Zmiana] Missing &lt;summary&gt; documentation [C:\studia\sem5\JPWP projekt\HealthMasterDokumentacja\Help\Working\BuildReferenceTopics.proj]
BuildAssembler : warning : ShowMissingComponent: [M:LabiryntWiedzy.Lab4.PowrotDoStartu(System.Object,System.EventArgs)] Missing &lt;summary&gt; documentation [C:\studia\sem5\JPWP projekt\HealthMasterDokumentacja\Help\Working\BuildReferenceTopics.proj]
BuildAssembler : warning : ShowMissingComponent: [M:LabiryntWiedzy.Lab4.PowrotDoStartu(System.Object,System.EventArgs)] Missing &lt;param name=&quot;sender&quot;/&gt; documentation [C:\studia\sem5\JPWP projekt\HealthMasterDokumentacja\Help\Working\BuildReferenceTopics.proj]
BuildAssembler : warning : ShowMissingComponent: [M:LabiryntWiedzy.Lab4.PowrotDoStartu(System.Object,System.EventArgs)] Missing &lt;param name=&quot;e&quot;/&gt; documentation [C:\studia\sem5\JPWP projekt\HealthMasterDokumentacja\Help\Working\BuildReferenceTopics.proj]
BuildAssembler : warning : ShowMissingComponent: [P:LabiryntWiedzy.Lab4.Zmiana] Missing &lt;summary&gt; documentation [C:\studia\sem5\JPWP projekt\HealthMasterDokumentacja\Help\Working\BuildReferenceTopics.proj]
BuildAssembler : warning : ShowMissingComponent: [M:LabiryntWiedzy.Lab5.PowrotDoStartu(System.Object,System.EventArgs)] Missing &lt;summary&gt; documentation [C:\studia\sem5\JPWP projekt\HealthMasterDokumentacja\Help\Working\BuildReferenceTopics.proj]
BuildAssembler : warning : ShowMissingComponent: [M:LabiryntWiedzy.Lab5.PowrotDoStartu(System.Object,System.EventArgs)] Missing &lt;param name=&quot;sender&quot;/&gt; documentation [C:\studia\sem5\JPWP projekt\HealthMasterDokumentacja\Help\Working\BuildReferenceTopics.proj]
BuildAssembler : warning : ShowMissingComponent: [M:LabiryntWiedzy.Lab5.PowrotDoStartu(System.Object,System.EventArgs)] Missing &lt;param name=&quot;e&quot;/&gt; documentation [C:\studia\sem5\JPWP projekt\HealthMasterDokumentacja\Help\Working\BuildReferenceTopics.proj]
BuildAssembler : warning : ShowMissingComponent: [P:LabiryntWiedzy.Lab5.Zmiana] Missing &lt;summary&gt; documentation [C:\studia\sem5\JPWP projekt\HealthMasterDokumentacja\Help\Working\BuildReferenceTopics.proj]
BuildAssembler : warning : ShowMissingComponent: [F:LabiryntWiedzy.MenuGlowne.KoniecCzasu] Missing &lt;summary&gt; documentation [C:\studia\sem5\JPWP projekt\HealthMasterDokumentacja\Help\Working\BuildReferenceTopics.proj]
BuildAssembler : warning : ShowMissingComponent: [F:LabiryntWiedzy.MenuGlowne.Ksiazka] Missing &lt;summary&gt; documentation [C:\studia\sem5\JPWP projekt\HealthMasterDokumentacja\Help\Working\BuildReferenceTopics.proj]
BuildAssembler : warning : ShowMissingComponent: [F:LabiryntWiedzy.MenuGlowne.Sciana] Missing &lt;summary&gt; documentation [C:\studia\sem5\JPWP projekt\HealthMasterDokumentacja\Help\Working\BuildReferenceTopics.proj]
BuildAssembler : warning : ShowMissingComponent: [F:LabiryntWiedzy.MenuGlowne.Wygrana] Missing &lt;summary&gt; documentation [C:\studia\sem5\JPWP projekt\HealthMasterDokumentacja\Help\Working\BuildReferenceTopics.proj]
BuildAssembler : warning : ShowMissingComponent: [M:LabiryntWiedzy.Podsumowanie.Koniec(System.Object,System.EventArgs)] Missing &lt;param name=&quot;sender&quot;/&gt; documentation [C:\studia\sem5\JPWP projekt\HealthMasterDokumentacja\Help\Working\BuildReferenceTopics.proj]
BuildAssembler : warning : ShowMissingComponent: [M:LabiryntWiedzy.Podsumowanie.Koniec(System.Object,System.EventArgs)] Missing &lt;param name=&quot;e&quot;/&gt; documentation [C:\studia\sem5\JPWP projekt\HealthMasterDokumentacja\Help\Working\BuildReferenceTopics.proj]
BuildAssembler : warning : ShowMissingComponent: [M:LabiryntWiedzy.Podsumowanie.Wyniki(System.Object,System.EventArgs)] Missing &lt;param name=&quot;sender&quot;/&gt; documentation [C:\studia\sem5\JPWP projekt\HealthMasterDokumentacja\Help\Working\BuildReferenceTopics.proj]
BuildAssembler : warning : ShowMissingComponent: [M:LabiryntWiedzy.Podsumowanie.Wyniki(System.Object,System.EventArgs)] Missing &lt;param name=&quot;e&quot;/&gt; documentation [C:\studia\sem5\JPWP projekt\HealthMasterDokumentacja\Help\Working\BuildReferenceTopics.proj]
BuildAssembler : warning : ShowMissingComponent: [P:LabiryntWiedzy.Podsumowanie.Zmiana] Missing &lt;summary&gt; documentation [C:\studia\sem5\JPWP projekt\HealthMasterDokumentacja\Help\Working\BuildReferenceTopics.proj]
  Processed 142 topic(s)
  55 warning(s)
  CopyFromIndexComponent: &quot;reflection&quot; in-memory cache entries used: 3 of 15.
  CopyFromIndexComponent: &quot;comments&quot; in-memory cache entries used: 1 of 30.
Kompilowanie projektu &quot;C:\studia\sem5\JPWP projekt\HealthMasterDokumentacja\Help\Working\BuildReferenceTopics.proj&quot; wykonane (domylne elementy docelowe).

Kompilacja powioda si&#169;.

Czas, kt˘ry upynĄ: 00:00:06.78
    Last step completed in 00:00:07,1020
</buildStep>
<buildStep step="CombiningIntermediateTocFiles">
Combining conceptual and API intermediate TOC files...

Clearing any prior web output
    Last step completed in 00:00:00,0340
</buildStep>
<buildStep step="ExtractingHtmlInfo">
Extracting HTML info for HTML Help 1 and/or website...
[C:\Windows\Microsoft.NET\Framework64\v4.0.30319\MSBuild.exe]
Sandcastle Help File Builder, version 2015.1.12.0
Copyright c 2006-2015, Eric Woodruff, All Rights Reserved
E-Mail: Eric@EWoodruff.us

Using LCID &#39;1033&#39;, code page &#39;65001&#39;, encoding charset &#39;UTF-8&#39;.

Processing website files in C:\studia\sem5\JPWP projekt\HealthMasterDokumentacja\Help\Working\Output\Website
Processed 142 HTML files
Sorting keywords and generating See Also indices
Saving website keyword index to C:\studia\sem5\JPWP projekt\HealthMasterDokumentacja\Help\Working\WebKI.xml
Saving website table of contents to C:\studia\sem5\JPWP projekt\HealthMasterDokumentacja\Help\Working\WebTOC.xml
    Last step completed in 00:00:00,7830
</buildStep>
<buildStep step="CopyStandardHelpContent">
Copying standard help content...
C:\SandCastleHelper\PresentationStyles\VS2013\icons\AlertCaution.png -&gt; C:\studia\sem5\JPWP projekt\HealthMasterDokumentacja\Help\Working\Output\Website\icons\AlertCaution.png
C:\SandCastleHelper\PresentationStyles\VS2013\icons\AlertNote.png -&gt; C:\studia\sem5\JPWP projekt\HealthMasterDokumentacja\Help\Working\Output\Website\icons\AlertNote.png
C:\SandCastleHelper\PresentationStyles\VS2013\icons\AlertSecurity.png -&gt; C:\studia\sem5\JPWP projekt\HealthMasterDokumentacja\Help\Working\Output\Website\icons\AlertSecurity.png
C:\SandCastleHelper\PresentationStyles\VS2013\icons\CFW.gif -&gt; C:\studia\sem5\JPWP projekt\HealthMasterDokumentacja\Help\Working\Output\Website\icons\CFW.gif
C:\SandCastleHelper\PresentationStyles\VS2013\icons\CodeExample.png -&gt; C:\studia\sem5\JPWP projekt\HealthMasterDokumentacja\Help\Working\Output\Website\icons\CodeExample.png
C:\SandCastleHelper\PresentationStyles\VS2013\icons\favicon.ico -&gt; C:\studia\sem5\JPWP projekt\HealthMasterDokumentacja\Help\Working\Output\Website\icons\favicon.ico
C:\SandCastleHelper\PresentationStyles\VS2013\icons\privclass.gif -&gt; C:\studia\sem5\JPWP projekt\HealthMasterDokumentacja\Help\Working\Output\Website\icons\privclass.gif
C:\SandCastleHelper\PresentationStyles\VS2013\icons\privdelegate.gif -&gt; C:\studia\sem5\JPWP projekt\HealthMasterDokumentacja\Help\Working\Output\Website\icons\privdelegate.gif
C:\SandCastleHelper\PresentationStyles\VS2013\icons\privenumeration.gif -&gt; C:\studia\sem5\JPWP projekt\HealthMasterDokumentacja\Help\Working\Output\Website\icons\privenumeration.gif
C:\SandCastleHelper\PresentationStyles\VS2013\icons\privevent.gif -&gt; C:\studia\sem5\JPWP projekt\HealthMasterDokumentacja\Help\Working\Output\Website\icons\privevent.gif
C:\SandCastleHelper\PresentationStyles\VS2013\icons\privextension.gif -&gt; C:\studia\sem5\JPWP projekt\HealthMasterDokumentacja\Help\Working\Output\Website\icons\privextension.gif
C:\SandCastleHelper\PresentationStyles\VS2013\icons\privfield.gif -&gt; C:\studia\sem5\JPWP projekt\HealthMasterDokumentacja\Help\Working\Output\Website\icons\privfield.gif
C:\SandCastleHelper\PresentationStyles\VS2013\icons\privinterface.gif -&gt; C:\studia\sem5\JPWP projekt\HealthMasterDokumentacja\Help\Working\Output\Website\icons\privinterface.gif
C:\SandCastleHelper\PresentationStyles\VS2013\icons\privmethod.gif -&gt; C:\studia\sem5\JPWP projekt\HealthMasterDokumentacja\Help\Working\Output\Website\icons\privmethod.gif
C:\SandCastleHelper\PresentationStyles\VS2013\icons\privproperty.gif -&gt; C:\studia\sem5\JPWP projekt\HealthMasterDokumentacja\Help\Working\Output\Website\icons\privproperty.gif
C:\SandCastleHelper\PresentationStyles\VS2013\icons\privstructure.gif -&gt; C:\studia\sem5\JPWP projekt\HealthMasterDokumentacja\Help\Working\Output\Website\icons\privstructure.gif
C:\SandCastleHelper\PresentationStyles\VS2013\icons\protclass.gif -&gt; C:\studia\sem5\JPWP projekt\HealthMasterDokumentacja\Help\Working\Output\Website\icons\protclass.gif
C:\SandCastleHelper\PresentationStyles\VS2013\icons\protdelegate.gif -&gt; C:\studia\sem5\JPWP projekt\HealthMasterDokumentacja\Help\Working\Output\Website\icons\protdelegate.gif
C:\SandCastleHelper\PresentationStyles\VS2013\icons\protenumeration.gif -&gt; C:\studia\sem5\JPWP projekt\HealthMasterDokumentacja\Help\Working\Output\Website\icons\protenumeration.gif
C:\SandCastleHelper\PresentationStyles\VS2013\icons\protevent.gif -&gt; C:\studia\sem5\JPWP projekt\HealthMasterDokumentacja\Help\Working\Output\Website\icons\protevent.gif
C:\SandCastleHelper\PresentationStyles\VS2013\icons\protextension.gif -&gt; C:\studia\sem5\JPWP projekt\HealthMasterDokumentacja\Help\Working\Output\Website\icons\protextension.gif
C:\SandCastleHelper\PresentationStyles\VS2013\icons\protfield.gif -&gt; C:\studia\sem5\JPWP projekt\HealthMasterDokumentacja\Help\Working\Output\Website\icons\protfield.gif
C:\SandCastleHelper\PresentationStyles\VS2013\icons\protinterface.gif -&gt; C:\studia\sem5\JPWP projekt\HealthMasterDokumentacja\Help\Working\Output\Website\icons\protinterface.gif
C:\SandCastleHelper\PresentationStyles\VS2013\icons\protmethod.gif -&gt; C:\studia\sem5\JPWP projekt\HealthMasterDokumentacja\Help\Working\Output\Website\icons\protmethod.gif
C:\SandCastleHelper\PresentationStyles\VS2013\icons\protoperator.gif -&gt; C:\studia\sem5\JPWP projekt\HealthMasterDokumentacja\Help\Working\Output\Website\icons\protoperator.gif
C:\SandCastleHelper\PresentationStyles\VS2013\icons\protproperty.gif -&gt; C:\studia\sem5\JPWP projekt\HealthMasterDokumentacja\Help\Working\Output\Website\icons\protproperty.gif
C:\SandCastleHelper\PresentationStyles\VS2013\icons\protstructure.gif -&gt; C:\studia\sem5\JPWP projekt\HealthMasterDokumentacja\Help\Working\Output\Website\icons\protstructure.gif
C:\SandCastleHelper\PresentationStyles\VS2013\icons\pubclass.gif -&gt; C:\studia\sem5\JPWP projekt\HealthMasterDokumentacja\Help\Working\Output\Website\icons\pubclass.gif
C:\SandCastleHelper\PresentationStyles\VS2013\icons\pubdelegate.gif -&gt; C:\studia\sem5\JPWP projekt\HealthMasterDokumentacja\Help\Working\Output\Website\icons\pubdelegate.gif
C:\SandCastleHelper\PresentationStyles\VS2013\icons\pubenumeration.gif -&gt; C:\studia\sem5\JPWP projekt\HealthMasterDokumentacja\Help\Working\Output\Website\icons\pubenumeration.gif
C:\SandCastleHelper\PresentationStyles\VS2013\icons\pubevent.gif -&gt; C:\studia\sem5\JPWP projekt\HealthMasterDokumentacja\Help\Working\Output\Website\icons\pubevent.gif
C:\SandCastleHelper\PresentationStyles\VS2013\icons\pubextension.gif -&gt; C:\studia\sem5\JPWP projekt\HealthMasterDokumentacja\Help\Working\Output\Website\icons\pubextension.gif
C:\SandCastleHelper\PresentationStyles\VS2013\icons\pubfield.gif -&gt; C:\studia\sem5\JPWP projekt\HealthMasterDokumentacja\Help\Working\Output\Website\icons\pubfield.gif
C:\SandCastleHelper\PresentationStyles\VS2013\icons\pubinterface.gif -&gt; C:\studia\sem5\JPWP projekt\HealthMasterDokumentacja\Help\Working\Output\Website\icons\pubinterface.gif
C:\SandCastleHelper\PresentationStyles\VS2013\icons\pubmethod.gif -&gt; C:\studia\sem5\JPWP projekt\HealthMasterDokumentacja\Help\Working\Output\Website\icons\pubmethod.gif
C:\SandCastleHelper\PresentationStyles\VS2013\icons\puboperator.gif -&gt; C:\studia\sem5\JPWP projekt\HealthMasterDokumentacja\Help\Working\Output\Website\icons\puboperator.gif
C:\SandCastleHelper\PresentationStyles\VS2013\icons\pubproperty.gif -&gt; C:\studia\sem5\JPWP projekt\HealthMasterDokumentacja\Help\Working\Output\Website\icons\pubproperty.gif
C:\SandCastleHelper\PresentationStyles\VS2013\icons\pubstructure.gif -&gt; C:\studia\sem5\JPWP projekt\HealthMasterDokumentacja\Help\Working\Output\Website\icons\pubstructure.gif
C:\SandCastleHelper\PresentationStyles\VS2013\icons\SectionCollapsed.png -&gt; C:\studia\sem5\JPWP projekt\HealthMasterDokumentacja\Help\Working\Output\Website\icons\SectionCollapsed.png
C:\SandCastleHelper\PresentationStyles\VS2013\icons\SectionExpanded.png -&gt; C:\studia\sem5\JPWP projekt\HealthMasterDokumentacja\Help\Working\Output\Website\icons\SectionExpanded.png
C:\SandCastleHelper\PresentationStyles\VS2013\icons\slMobile.gif -&gt; C:\studia\sem5\JPWP projekt\HealthMasterDokumentacja\Help\Working\Output\Website\icons\slMobile.gif
C:\SandCastleHelper\PresentationStyles\VS2013\icons\static.gif -&gt; C:\studia\sem5\JPWP projekt\HealthMasterDokumentacja\Help\Working\Output\Website\icons\static.gif
C:\SandCastleHelper\PresentationStyles\VS2013\icons\xna.gif -&gt; C:\studia\sem5\JPWP projekt\HealthMasterDokumentacja\Help\Working\Output\Website\icons\xna.gif
C:\SandCastleHelper\PresentationStyles\VS2013\scripts\branding.js -&gt; C:\studia\sem5\JPWP projekt\HealthMasterDokumentacja\Help\Working\Output\Website\scripts\branding.js
C:\SandCastleHelper\PresentationStyles\VS2013\styles\branding-cs-CZ.css -&gt; C:\studia\sem5\JPWP projekt\HealthMasterDokumentacja\Help\Working\Output\Website\styles\branding-cs-CZ.css
C:\SandCastleHelper\PresentationStyles\VS2013\styles\branding-de-DE.css -&gt; C:\studia\sem5\JPWP projekt\HealthMasterDokumentacja\Help\Working\Output\Website\styles\branding-de-DE.css
C:\SandCastleHelper\PresentationStyles\VS2013\styles\branding-en-US.css -&gt; C:\studia\sem5\JPWP projekt\HealthMasterDokumentacja\Help\Working\Output\Website\styles\branding-en-US.css
C:\SandCastleHelper\PresentationStyles\VS2013\styles\branding-es-ES.css -&gt; C:\studia\sem5\JPWP projekt\HealthMasterDokumentacja\Help\Working\Output\Website\styles\branding-es-ES.css
C:\SandCastleHelper\PresentationStyles\VS2013\styles\branding-fr-FR.css -&gt; C:\studia\sem5\JPWP projekt\HealthMasterDokumentacja\Help\Working\Output\Website\styles\branding-fr-FR.css
C:\SandCastleHelper\PresentationStyles\VS2013\styles\branding-Help1.css -&gt; C:\studia\sem5\JPWP projekt\HealthMasterDokumentacja\Help\Working\Output\Website\styles\branding-Help1.css
C:\SandCastleHelper\PresentationStyles\VS2013\styles\branding-Help2.css -&gt; C:\studia\sem5\JPWP projekt\HealthMasterDokumentacja\Help\Working\Output\Website\styles\branding-Help2.css
C:\SandCastleHelper\PresentationStyles\VS2013\styles\branding-HelpViewer.css -&gt; C:\studia\sem5\JPWP projekt\HealthMasterDokumentacja\Help\Working\Output\Website\styles\branding-HelpViewer.css
C:\SandCastleHelper\PresentationStyles\VS2013\styles\branding-it-IT.css -&gt; C:\studia\sem5\JPWP projekt\HealthMasterDokumentacja\Help\Working\Output\Website\styles\branding-it-IT.css
C:\SandCastleHelper\PresentationStyles\VS2013\styles\branding-ja-JP.css -&gt; C:\studia\sem5\JPWP projekt\HealthMasterDokumentacja\Help\Working\Output\Website\styles\branding-ja-JP.css
C:\SandCastleHelper\PresentationStyles\VS2013\styles\branding-ko-KR.css -&gt; C:\studia\sem5\JPWP projekt\HealthMasterDokumentacja\Help\Working\Output\Website\styles\branding-ko-KR.css
C:\SandCastleHelper\PresentationStyles\VS2013\styles\branding-pl-PL.css -&gt; C:\studia\sem5\JPWP projekt\HealthMasterDokumentacja\Help\Working\Output\Website\styles\branding-pl-PL.css
C:\SandCastleHelper\PresentationStyles\VS2013\styles\branding-pt-BR.css -&gt; C:\studia\sem5\JPWP projekt\HealthMasterDokumentacja\Help\Working\Output\Website\styles\branding-pt-BR.css
C:\SandCastleHelper\PresentationStyles\VS2013\styles\branding-ru-RU.css -&gt; C:\studia\sem5\JPWP projekt\HealthMasterDokumentacja\Help\Working\Output\Website\styles\branding-ru-RU.css
C:\SandCastleHelper\PresentationStyles\VS2013\styles\branding-tr-TR.css -&gt; C:\studia\sem5\JPWP projekt\HealthMasterDokumentacja\Help\Working\Output\Website\styles\branding-tr-TR.css
C:\SandCastleHelper\PresentationStyles\VS2013\styles\branding-Website.css -&gt; C:\studia\sem5\JPWP projekt\HealthMasterDokumentacja\Help\Working\Output\Website\styles\branding-Website.css
C:\SandCastleHelper\PresentationStyles\VS2013\styles\branding-zh-CN.css -&gt; C:\studia\sem5\JPWP projekt\HealthMasterDokumentacja\Help\Working\Output\Website\styles\branding-zh-CN.css
C:\SandCastleHelper\PresentationStyles\VS2013\styles\branding-zh-TW.css -&gt; C:\studia\sem5\JPWP projekt\HealthMasterDokumentacja\Help\Working\Output\Website\styles\branding-zh-TW.css
C:\SandCastleHelper\PresentationStyles\VS2013\styles\branding.css -&gt; C:\studia\sem5\JPWP projekt\HealthMasterDokumentacja\Help\Working\Output\Website\styles\branding.css
C:\SandCastleHelper\PresentationStyles\VS2013\Web\index.html -&gt; C:\studia\sem5\JPWP projekt\HealthMasterDokumentacja\Help\Working\Output\Website\index.html
C:\SandCastleHelper\PresentationStyles\VS2013\Web\search.html -&gt; C:\studia\sem5\JPWP projekt\HealthMasterDokumentacja\Help\Working\Output\Website\search.html
C:\SandCastleHelper\PresentationStyles\VS2013\Web\SearchHelp.aspx -&gt; C:\studia\sem5\JPWP projekt\HealthMasterDokumentacja\Help\Working\Output\Website\SearchHelp.aspx
C:\SandCastleHelper\PresentationStyles\VS2013\Web\SearchHelp.inc.php -&gt; C:\studia\sem5\JPWP projekt\HealthMasterDokumentacja\Help\Working\Output\Website\SearchHelp.inc.php
C:\SandCastleHelper\PresentationStyles\VS2013\Web\SearchHelp.php -&gt; C:\studia\sem5\JPWP projekt\HealthMasterDokumentacja\Help\Working\Output\Website\SearchHelp.php
C:\SandCastleHelper\PresentationStyles\VS2013\Web\Web.Config -&gt; C:\studia\sem5\JPWP projekt\HealthMasterDokumentacja\Help\Working\Output\Website\Web.Config
C:\SandCastleHelper\PresentationStyles\VS2013\Web\icons\Search.png -&gt; C:\studia\sem5\JPWP projekt\HealthMasterDokumentacja\Help\Working\Output\Website\icons\Search.png
C:\SandCastleHelper\PresentationStyles\VS2013\Web\icons\TocClose.gif -&gt; C:\studia\sem5\JPWP projekt\HealthMasterDokumentacja\Help\Working\Output\Website\icons\TocClose.gif
C:\SandCastleHelper\PresentationStyles\VS2013\Web\icons\TocCollapsed.gif -&gt; C:\studia\sem5\JPWP projekt\HealthMasterDokumentacja\Help\Working\Output\Website\icons\TocCollapsed.gif
C:\SandCastleHelper\PresentationStyles\VS2013\Web\icons\TocExpanded.gif -&gt; C:\studia\sem5\JPWP projekt\HealthMasterDokumentacja\Help\Working\Output\Website\icons\TocExpanded.gif
C:\SandCastleHelper\PresentationStyles\VS2013\Web\icons\TocOpen.gif -&gt; C:\studia\sem5\JPWP projekt\HealthMasterDokumentacja\Help\Working\Output\Website\icons\TocOpen.gif
C:\SandCastleHelper\PresentationStyles\VS2013\Web\scripts\branding-Website.js -&gt; C:\studia\sem5\JPWP projekt\HealthMasterDokumentacja\Help\Working\Output\Website\scripts\branding-Website.js
C:\SandCastleHelper\PresentationStyles\VS2013\Web\scripts\jquery-1.11.0.min.js -&gt; C:\studia\sem5\JPWP projekt\HealthMasterDokumentacja\Help\Working\Output\Website\scripts\jquery-1.11.0.min.js
    Last step completed in 00:00:00,1498
</buildStep>
<buildStep step="GenerateHelpFormatTableOfContents">
Generating website table of contents file...
    Last step completed in 00:00:00,0010
</buildStep>
<buildStep step="GenerateFullTextIndex">
Generating full-text index for the website...

<plugIn name="Lightweight Website Style" behavior="After" priority="1000">
Adding lightweight search and TOC elements to each topic...
</plugIn>    Last step completed in 00:00:00,2852
</buildStep>
<buildStep step="CopyingWebsiteFiles">
Copying website files to output folder...

Copied 100 files
Copied 200 files
Copied 293 files for the website content
    Last step completed in 00:00:00,4778
</buildStep>
<buildStep step="CleanIntermediates">
Removing intermediate files...
    Last step completed in 00:00:00,2529
</buildStep>
<buildStep step="Completed">

Build completed successfully at 2018-01-07 21:09:14.  Total time: 00:00:13,0517

</buildStep>
</shfbBuild>
